[debug] [2021-01-22T14:51:58.517Z] ----------------------------------------------------------------------
[debug] [2021-01-22T14:51:58.520Z] Command:       C:\Program Files\nodejs\node.exe C:\Users\Dujka\AppData\Roaming\npm\node_modules\firebase-tools\lib\bin\firebase.js init
[debug] [2021-01-22T14:51:58.520Z] CLI Version:   9.2.2
[debug] [2021-01-22T14:51:58.520Z] Platform:      win32
[debug] [2021-01-22T14:51:58.520Z] Node Version:  v12.16.1
[debug] [2021-01-22T14:51:58.521Z] Time:          Fri Jan 22 2021 15:51:58 GMT+0100 (Central European Standard Time)
[debug] [2021-01-22T14:51:58.522Z] ----------------------------------------------------------------------
[debug] [2021-01-22T14:51:58.522Z] 
[debug] [2021-01-22T14:51:58.530Z] > command requires scopes: ["email","openid","https://www.googleapis.com/auth/cloudplatformprojects.readonly","https://www.googleapis.com/auth/firebase","https://www.googleapis.com/auth/cloud-platform"]
[debug] [2021-01-22T14:51:58.531Z] > authorizing via signed-in user
[info] 
     ######## #### ########  ######## ########     ###     ######  ########
     ##        ##  ##     ## ##       ##     ##  ##   ##  ##       ##
     ######    ##  ########  ######   ########  #########  ######  ######
     ##        ##  ##    ##  ##       ##     ## ##     ##       ## ##
     ##       #### ##     ## ######## ########  ##     ##  ######  ########

You're about to initialize a Firebase project in this directory:

  C:\Users\Dujka\Desktop\Workbench\ReactJS\profile

[info] 
=== Project Setup
[info] 
[info] First, let's associate this project directory with a Firebase project.
[info] You can create multiple project aliases by running firebase use --add, 
[info] but for now we'll just set up a default project.
[info] 
[debug] [2021-01-22T14:52:43.950Z] > refreshing access token with scopes: []
[debug] [2021-01-22T14:52:43.950Z] >>> HTTP REQUEST POST https://www.googleapis.com/oauth2/v3/token  
 <request body omitted>
[debug] [2021-01-22T14:52:44.170Z] <<< HTTP RESPONSE 200 {"cache-control":"no-cache, no-store, max-age=0, must-revalidate","expires":"Mon, 01 Jan 1990 00:00:00 GMT","pragma":"no-cache","date":"Fri, 22 Jan 2021 14:52:45 GMT","content-type":"application/json; charset=utf-8","vary":"X-Origin, Referer, Origin,Accept-Encoding","server":"scaffolding on HTTPServer2","x-xss-protection":"0","x-frame-options":"SAMEORIGIN","x-content-type-options":"nosniff","alt-svc":"h3-29=\":443\"; ma=2592000,h3-T051=\":443\"; ma=2592000,h3-Q050=\":443\"; ma=2592000,h3-Q046=\":443\"; ma=2592000,h3-Q043=\":443\"; ma=2592000,quic=\":443\"; ma=2592000; v=\"46,43\"","accept-ranges":"none","transfer-encoding":"chunked"}
[debug] [2021-01-22T14:52:44.205Z] >>> [apiv2][query] GET https://firebase.googleapis.com/v1beta1/projects pageSize=100
[debug] [2021-01-22T14:52:44.587Z] <<< [apiv2][status] GET https://firebase.googleapis.com/v1beta1/projects 200
[debug] [2021-01-22T14:52:44.588Z] <<< [apiv2][body] GET https://firebase.googleapis.com/v1beta1/projects [omitted]
[info] i  Using project aleksandar-dujkic (aleksandar dujkic) 
[info] 
=== Hosting Setup
[info] 
[info] Your public directory is the folder (relative to your project directory) that
[info] will contain Hosting assets to be uploaded with firebase deploy. If you
[info] have a build process for your assets, use your build's output directory.
[info] 
[debug] [2021-01-22T14:53:09.029Z] >>> [apiv2][query] GET https://www.gstatic.com/firebasejs/releases.json [none]
[debug] [2021-01-22T14:53:09.201Z] <<< [apiv2][status] GET https://www.gstatic.com/firebasejs/releases.json 200
[debug] [2021-01-22T14:53:09.202Z] <<< [apiv2][body] GET https://www.gstatic.com/firebasejs/releases.json {"current":{"version":"8.2.4","browserURL":"https://www.gstatic.com/firebasejs/8.2.4/firebase.js","packageURL":"https://www.gstatic.com/firebasejs/8.2.4/firebase.tgz"},"live":{"version":"8.2","browserURL":"https://www.gstatic.com/firebasejs/live/8.2/firebase.js","packageURL":"https://www.gstatic.com/firebasejs/live/8.2/firebase.tgz"},"components":{"analytics":"https://www.gstatic.com/firebasejs/8.2.4/firebase-analytics.js","app":"https://www.gstatic.com/firebasejs/8.2.4/firebase-app.js","auth":"https://www.gstatic.com/firebasejs/8.2.4/firebase-auth.js","database":"https://www.gstatic.com/firebasejs/8.2.4/firebase-database.js","firestore":"https://www.gstatic.com/firebasejs/8.2.4/firebase-firestore.js","functions":"https://www.gstatic.com/firebasejs/8.2.4/firebase-functions.js","installations":"https://www.gstatic.com/firebasejs/8.2.4/firebase-installations.js","messaging":"https://www.gstatic.com/firebasejs/8.2.4/firebase-messaging.js","storage":"https://www.gstatic.com/firebasejs/8.2.4/firebase-storage.js","performance":"https://www.gstatic.com/firebasejs/8.2.4/firebase-performance.js","remote-config":"https://www.gstatic.com/firebasejs/8.2.4/firebase-remote-config.js","firestore.memory":"https://www.gstatic.com/firebasejs/8.2.4/firebase-firestore.memory.js"}}
[info] i  Skipping write of public/index.html 
[info] 
[info] i  Detected a .git folder at C:\Users\Dujka\Desktop\Workbench 
[info] i  Authorizing with GitHub to upload your service account to a GitHub repository's secrets store. 
[info] 
[info] Visit this URL on this device to log in:
[info] https://github.com/login/oauth/authorize?client_id=89cf50f02ac6aaed3484&state=635785750&redirect_uri=http%3A%2F%2Flocalhost%3A9005&scope=read%3Auser%20repo%20public_repo
[info] 
[info] Waiting for authentication...
[debug] [2021-01-23T09:44:38.757Z] >>> HTTP REQUEST POST https://github.com/login/oauth/access_token  
 {"client_id":"89cf50f02ac6aaed3484","client_secret":"3330d14abc895d9a74d5f17cd7a00711fa2c5bf0","code":"1636f102c2499a166341","redirect_uri":"http://localhost:9005","state":"635785750"}
[debug] [2021-01-23T09:44:39.093Z] <<< HTTP RESPONSE 200 {"date":"Sat, 23 Jan 2021 09:44:41 GMT","content-type":"application/json; charset=utf-8","transfer-encoding":"chunked","server":"GitHub.com","status":"200 OK","vary":"X-PJAX, Accept-Encoding, Accept, X-Requested-With, Accept-Encoding","etag":"W/\"8b755d6a12af70323f5f4e18e8c5b8b2\"","cache-control":"max-age=0, private, must-revalidate","strict-transport-security":"max-age=31536000; includeSubdomains; preload","x-frame-options":"deny","x-content-type-options":"nosniff","x-xss-protection":"1; mode=block","referrer-policy":"origin-when-cross-origin, strict-origin-when-cross-origin","expect-ct":"max-age=2592000, report-uri=\"https://api.github.com/_private/browser/errors\"","content-security-policy":"default-src 'none'; base-uri 'self'; block-all-mixed-content; connect-src 'self' uploads.github.com www.githubstatus.com collector.githubapp.com api.github.com github-cloud.s3.amazonaws.com github-production-repository-file-5c1aeb.s3.amazonaws.com github-production-upload-manifest-file-7fdce7.s3.amazonaws.com github-production-user-asset-6210df.s3.amazonaws.com cdn.optimizely.com logx.optimizely.com/v1/events wss://alive.github.com; font-src github.githubassets.com; form-action 'self' github.com gist.github.com; frame-ancestors 'none'; frame-src render.githubusercontent.com; img-src 'self' data: github.githubassets.com identicons.github.com collector.githubapp.com github-cloud.s3.amazonaws.com *.githubusercontent.com; manifest-src 'self'; media-src 'none'; script-src github.githubassets.com; style-src 'unsafe-inline' github.githubassets.com; worker-src github.com/socket-worker-5029ae85.js gist.github.com/socket-worker-5029ae85.js","x-github-request-id":"26C4:1204C:7B233F:A3A39C:600BF008"}
[debug] [2021-01-23T09:44:39.094Z] >>> [apiv2][query] GET https://api.github.com/user [none]
[debug] [2021-01-23T09:44:39.459Z] <<< [apiv2][status] GET https://api.github.com/user 200
[debug] [2021-01-23T09:44:39.460Z] <<< [apiv2][body] GET https://api.github.com/user {"login":"Dujka","id":57834872,"node_id":"MDQ6VXNlcjU3ODM0ODcy","avatar_url":"https://avatars.githubusercontent.com/u/57834872?v=4","gravatar_id":"","url":"https://api.github.com/users/Dujka","html_url":"https://github.com/Dujka","followers_url":"https://api.github.com/users/Dujka/followers","following_url":"https://api.github.com/users/Dujka/following{/other_user}","gists_url":"https://api.github.com/users/Dujka/gists{/gist_id}","starred_url":"https://api.github.com/users/Dujka/starred{/owner}{/repo}","subscriptions_url":"https://api.github.com/users/Dujka/subscriptions","organizations_url":"https://api.github.com/users/Dujka/orgs","repos_url":"https://api.github.com/users/Dujka/repos","events_url":"https://api.github.com/users/Dujka/events{/privacy}","received_events_url":"https://api.github.com/users/Dujka/received_events","type":"User","site_admin":false,"name":null,"company":null,"blog":"","location":null,"email":null,"hireable":null,"bio":null,"twitter_username":null,"public_repos":0,"public_gists":0,"followers":0,"following":0,"created_at":"2019-11-16T13:17:32Z","updated_at":"2021-01-23T09:44:40Z","private_gists":0,"total_private_repos":6,"owned_private_repos":6,"disk_usage":59871,"collaborators":0,"two_factor_authentication":false,"plan":{"name":"free","space":976562499,"collaborators":0,"private_repos":10000}}
[info] 
[info] +  Success! Logged into GitHub as Dujka 
[info] 
